  Main.cpp
c:\users\hp\documents\bbm412 project\414project\include\angel_commons\angel.h(63): warning C4305: 'initializing': truncation from 'double' to 'GLfloat'
c:\users\hp\documents\bbm412 project\414project\include\angel_commons\mat.h(707): warning C4244: '=': conversion from 'double' to 'GLfloat', possible loss of data
c:\users\hp\documents\bbm412 project\414project\include\angel_commons\mat.h(708): warning C4244: '=': conversion from 'double' to 'GLfloat', possible loss of data
c:\users\hp\documents\bbm412 project\414project\include\angel_commons\mat.h(709): warning C4244: '=': conversion from 'double' to 'GLfloat', possible loss of data
c:\users\hp\documents\bbm412 project\414project\include\angel_commons\mat.h(730): warning C4244: '=': conversion from 'double' to 'GLfloat', possible loss of data
c:\users\hp\documents\bbm412 project\414project\include\angel_commons\mat.h(732): warning C4244: '=': conversion from 'double' to 'GLfloat', possible loss of data
c:\users\hp\documents\bbm412 project\414project\include\angel_commons\mat.h(735): warning C4244: '=': conversion from 'double' to 'GLfloat', possible loss of data
c:\users\hp\documents\bbm412 project\414project\include\angel_commons\mat.h(752): warning C4244: '=': conversion from 'double' to 'GLfloat', possible loss of data
c:\users\hp\documents\bbm412 project\414project\angelassignment4\main.cpp(235): warning C4244: 'argument': conversion from 'GLuint' to 'GLfloat', possible loss of data
c:\users\hp\documents\bbm412 project\414project\angelassignment4\main.cpp(234): warning C4244: 'argument': conversion from 'GLuint' to 'GLfloat', possible loss of data
c:\users\hp\documents\bbm412 project\414project\angelassignment4\main.cpp(233): warning C4244: 'argument': conversion from 'GLuint' to 'GLfloat', possible loss of data
c:\users\hp\documents\bbm412 project\414project\angelassignment4\main.cpp(232): warning C4244: 'argument': conversion from 'GLuint' to 'GLfloat', possible loss of data
c:\users\hp\documents\bbm412 project\414project\angelassignment4\main.cpp(272): warning C4244: 'initializing': conversion from 'int' to 'GLfloat', possible loss of data
c:\users\hp\documents\bbm412 project\414project\angelassignment4\main.cpp(366): warning C4244: 'initializing': conversion from 'double' to 'float', possible loss of data
  Generating code
  1 of 585 functions ( 0.2%) were compiled, the rest were copied from previous compilation.
    0 functions were new in current compilation
    1 functions had inline decision re-evaluated but remain unchanged
  Finished generating code
  AngelAssignment4.vcxproj -> C:\Users\Hp\Documents\bbm412 project\414Project\Release\AngelAssignment4.exe
